Copyright 1986-2018 Xilinx, Inc. All Rights Reserved.
---------------------------------------------------------------------------------------------------------------------------------------------------------------------------------------------
| Tool Version : Vivado v.2018.3 (win64) Build 2405991 Thu Dec  6 23:38:27 MST 2018
| Date         : Tue Jun 16 16:40:11 2020
| Host         : RD-DELL running 64-bit major release  (build 9200)
| Command      : report_bus_skew -warn_on_violation -file main_control_wrapper_bus_skew_routed.rpt -pb main_control_wrapper_bus_skew_routed.pb -rpx main_control_wrapper_bus_skew_routed.rpx
| Design       : main_control_wrapper
| Device       : 7z020-clg484
| Speed File   : -2  PRODUCTION 1.11 2014-09-11
---------------------------------------------------------------------------------------------------------------------------------------------------------------------------------------------

Bus Skew Report

Table of Contents
-----------------
1. Bus Skew Report Summary
2. Bus Skew Report Per Constraint

1. Bus Skew Report Summary
--------------------------

Id  Position  From                            To                              Corner  Requirement(ns)  Actual(ns)  Slack(ns)
--  --------  ------------------------------  ------------------------------  ------  ---------------  ----------  ---------
1   29        [get_cells [list {main_control_i/ad9226_sample_0/inst/ad9226_sample_v1_0_S00_AXI_inst/sample_inst/afifo_inst/U0/inst_fifo_gen/gconvfifo.rf/grf.rf/gntv_or_sync_fifo.gcx.clkx/rd_pntr_cdc_inst/src_gray_ff_reg[0]} {main_control_i/ad9226_sample_0/inst/ad9226_sample_v1_0_S00_AXI_inst/sample_inst/afifo_inst/U0/inst_fifo_gen/gconvfifo.rf/grf.rf/gntv_or_sync_fifo.gcx.clkx/rd_pntr_cdc_inst/src_gray_ff_reg[1]} {main_control_i/ad9226_sample_0/inst/ad9226_sample_v1_0_S00_AXI_inst/sample_inst/afifo_inst/U0/inst_fifo_gen/gconvfifo.rf/grf.rf/gntv_or_sync_fifo.gcx.clkx/rd_pntr_cdc_inst/src_gray_ff_reg[2]} {main_control_i/ad9226_sample_0/inst/ad9226_sample_v1_0_S00_AXI_inst/sample_inst/afifo_inst/U0/inst_fifo_gen/gconvfifo.rf/grf.rf/gntv_or_sync_fifo.gcx.clkx/rd_pntr_cdc_inst/src_gray_ff_reg[3]} {main_control_i/ad9226_sample_0/inst/ad9226_sample_v1_0_S00_AXI_inst/sample_inst/afifo_inst/U0/inst_fifo_gen/gconvfifo.rf/grf.rf/gntv_or_sync_fifo.gcx.clkx/rd_pntr_cdc_inst/src_gray_ff_reg[4]} {main_control_i/ad9226_sample_0/inst/ad9226_sample_v1_0_S00_AXI_inst/sample_inst/afifo_inst/U0/inst_fifo_gen/gconvfifo.rf/grf.rf/gntv_or_sync_fifo.gcx.clkx/rd_pntr_cdc_inst/src_gray_ff_reg[5]} {main_control_i/ad9226_sample_0/inst/ad9226_sample_v1_0_S00_AXI_inst/sample_inst/afifo_inst/U0/inst_fifo_gen/gconvfifo.rf/grf.rf/gntv_or_sync_fifo.gcx.clkx/rd_pntr_cdc_inst/src_gray_ff_reg[6]} {main_control_i/ad9226_sample_0/inst/ad9226_sample_v1_0_S00_AXI_inst/sample_inst/afifo_inst/U0/inst_fifo_gen/gconvfifo.rf/grf.rf/gntv_or_sync_fifo.gcx.clkx/rd_pntr_cdc_inst/src_gray_ff_reg[7]} {main_control_i/ad9226_sample_0/inst/ad9226_sample_v1_0_S00_AXI_inst/sample_inst/afifo_inst/U0/inst_fifo_gen/gconvfifo.rf/grf.rf/gntv_or_sync_fifo.gcx.clkx/rd_pntr_cdc_inst/src_gray_ff_reg[8]} {main_control_i/ad9226_sample_0/inst/ad9226_sample_v1_0_S00_AXI_inst/sample_inst/afifo_inst/U0/inst_fifo_gen/gconvfifo.rf/grf.rf/gntv_or_sync_fifo.gcx.clkx/rd_pntr_cdc_inst/src_gray_ff_reg[9]}]]
                                              [get_cells [list {main_control_i/ad9226_sample_0/inst/ad9226_sample_v1_0_S00_AXI_inst/sample_inst/afifo_inst/U0/inst_fifo_gen/gconvfifo.rf/grf.rf/gntv_or_sync_fifo.gcx.clkx/rd_pntr_cdc_inst/dest_graysync_ff_reg[0][0]} {main_control_i/ad9226_sample_0/inst/ad9226_sample_v1_0_S00_AXI_inst/sample_inst/afifo_inst/U0/inst_fifo_gen/gconvfifo.rf/grf.rf/gntv_or_sync_fifo.gcx.clkx/rd_pntr_cdc_inst/dest_graysync_ff_reg[0][1]} {main_control_i/ad9226_sample_0/inst/ad9226_sample_v1_0_S00_AXI_inst/sample_inst/afifo_inst/U0/inst_fifo_gen/gconvfifo.rf/grf.rf/gntv_or_sync_fifo.gcx.clkx/rd_pntr_cdc_inst/dest_graysync_ff_reg[0][2]} {main_control_i/ad9226_sample_0/inst/ad9226_sample_v1_0_S00_AXI_inst/sample_inst/afifo_inst/U0/inst_fifo_gen/gconvfifo.rf/grf.rf/gntv_or_sync_fifo.gcx.clkx/rd_pntr_cdc_inst/dest_graysync_ff_reg[0][3]} {main_control_i/ad9226_sample_0/inst/ad9226_sample_v1_0_S00_AXI_inst/sample_inst/afifo_inst/U0/inst_fifo_gen/gconvfifo.rf/grf.rf/gntv_or_sync_fifo.gcx.clkx/rd_pntr_cdc_inst/dest_graysync_ff_reg[0][4]} {main_control_i/ad9226_sample_0/inst/ad9226_sample_v1_0_S00_AXI_inst/sample_inst/afifo_inst/U0/inst_fifo_gen/gconvfifo.rf/grf.rf/gntv_or_sync_fifo.gcx.clkx/rd_pntr_cdc_inst/dest_graysync_ff_reg[0][5]} {main_control_i/ad9226_sample_0/inst/ad9226_sample_v1_0_S00_AXI_inst/sample_inst/afifo_inst/U0/inst_fifo_gen/gconvfifo.rf/grf.rf/gntv_or_sync_fifo.gcx.clkx/rd_pntr_cdc_inst/dest_graysync_ff_reg[0][6]} {main_control_i/ad9226_sample_0/inst/ad9226_sample_v1_0_S00_AXI_inst/sample_inst/afifo_inst/U0/inst_fifo_gen/gconvfifo.rf/grf.rf/gntv_or_sync_fifo.gcx.clkx/rd_pntr_cdc_inst/dest_graysync_ff_reg[0][7]} {main_control_i/ad9226_sample_0/inst/ad9226_sample_v1_0_S00_AXI_inst/sample_inst/afifo_inst/U0/inst_fifo_gen/gconvfifo.rf/grf.rf/gntv_or_sync_fifo.gcx.clkx/rd_pntr_cdc_inst/dest_graysync_ff_reg[0][8]} {main_control_i/ad9226_sample_0/inst/ad9226_sample_v1_0_S00_AXI_inst/sample_inst/afifo_inst/U0/inst_fifo_gen/gconvfifo.rf/grf.rf/gntv_or_sync_fifo.gcx.clkx/rd_pntr_cdc_inst/dest_graysync_ff_reg[0][9]}]]
                                                                              Slow              7.000       1.166      5.834
2   31        [get_cells [list {main_control_i/ad9226_sample_0/inst/ad9226_sample_v1_0_S00_AXI_inst/sample_inst/afifo_inst/U0/inst_fifo_gen/gconvfifo.rf/grf.rf/gntv_or_sync_fifo.gcx.clkx/wr_pntr_cdc_inst/src_gray_ff_reg[0]} {main_control_i/ad9226_sample_0/inst/ad9226_sample_v1_0_S00_AXI_inst/sample_inst/afifo_inst/U0/inst_fifo_gen/gconvfifo.rf/grf.rf/gntv_or_sync_fifo.gcx.clkx/wr_pntr_cdc_inst/src_gray_ff_reg[1]} {main_control_i/ad9226_sample_0/inst/ad9226_sample_v1_0_S00_AXI_inst/sample_inst/afifo_inst/U0/inst_fifo_gen/gconvfifo.rf/grf.rf/gntv_or_sync_fifo.gcx.clkx/wr_pntr_cdc_inst/src_gray_ff_reg[2]} {main_control_i/ad9226_sample_0/inst/ad9226_sample_v1_0_S00_AXI_inst/sample_inst/afifo_inst/U0/inst_fifo_gen/gconvfifo.rf/grf.rf/gntv_or_sync_fifo.gcx.clkx/wr_pntr_cdc_inst/src_gray_ff_reg[3]} {main_control_i/ad9226_sample_0/inst/ad9226_sample_v1_0_S00_AXI_inst/sample_inst/afifo_inst/U0/inst_fifo_gen/gconvfifo.rf/grf.rf/gntv_or_sync_fifo.gcx.clkx/wr_pntr_cdc_inst/src_gray_ff_reg[4]} {main_control_i/ad9226_sample_0/inst/ad9226_sample_v1_0_S00_AXI_inst/sample_inst/afifo_inst/U0/inst_fifo_gen/gconvfifo.rf/grf.rf/gntv_or_sync_fifo.gcx.clkx/wr_pntr_cdc_inst/src_gray_ff_reg[5]} {main_control_i/ad9226_sample_0/inst/ad9226_sample_v1_0_S00_AXI_inst/sample_inst/afifo_inst/U0/inst_fifo_gen/gconvfifo.rf/grf.rf/gntv_or_sync_fifo.gcx.clkx/wr_pntr_cdc_inst/src_gray_ff_reg[6]} {main_control_i/ad9226_sample_0/inst/ad9226_sample_v1_0_S00_AXI_inst/sample_inst/afifo_inst/U0/inst_fifo_gen/gconvfifo.rf/grf.rf/gntv_or_sync_fifo.gcx.clkx/wr_pntr_cdc_inst/src_gray_ff_reg[7]} {main_control_i/ad9226_sample_0/inst/ad9226_sample_v1_0_S00_AXI_inst/sample_inst/afifo_inst/U0/inst_fifo_gen/gconvfifo.rf/grf.rf/gntv_or_sync_fifo.gcx.clkx/wr_pntr_cdc_inst/src_gray_ff_reg[8]} {main_control_i/ad9226_sample_0/inst/ad9226_sample_v1_0_S00_AXI_inst/sample_inst/afifo_inst/U0/inst_fifo_gen/gconvfifo.rf/grf.rf/gntv_or_sync_fifo.gcx.clkx/wr_pntr_cdc_inst/src_gray_ff_reg[9]}]]
                                              [get_cells [list {main_control_i/ad9226_sample_0/inst/ad9226_sample_v1_0_S00_AXI_inst/sample_inst/afifo_inst/U0/inst_fifo_gen/gconvfifo.rf/grf.rf/gntv_or_sync_fifo.gcx.clkx/wr_pntr_cdc_inst/dest_graysync_ff_reg[0][0]} {main_control_i/ad9226_sample_0/inst/ad9226_sample_v1_0_S00_AXI_inst/sample_inst/afifo_inst/U0/inst_fifo_gen/gconvfifo.rf/grf.rf/gntv_or_sync_fifo.gcx.clkx/wr_pntr_cdc_inst/dest_graysync_ff_reg[0][1]} {main_control_i/ad9226_sample_0/inst/ad9226_sample_v1_0_S00_AXI_inst/sample_inst/afifo_inst/U0/inst_fifo_gen/gconvfifo.rf/grf.rf/gntv_or_sync_fifo.gcx.clkx/wr_pntr_cdc_inst/dest_graysync_ff_reg[0][2]} {main_control_i/ad9226_sample_0/inst/ad9226_sample_v1_0_S00_AXI_inst/sample_inst/afifo_inst/U0/inst_fifo_gen/gconvfifo.rf/grf.rf/gntv_or_sync_fifo.gcx.clkx/wr_pntr_cdc_inst/dest_graysync_ff_reg[0][3]} {main_control_i/ad9226_sample_0/inst/ad9226_sample_v1_0_S00_AXI_inst/sample_inst/afifo_inst/U0/inst_fifo_gen/gconvfifo.rf/grf.rf/gntv_or_sync_fifo.gcx.clkx/wr_pntr_cdc_inst/dest_graysync_ff_reg[0][4]} {main_control_i/ad9226_sample_0/inst/ad9226_sample_v1_0_S00_AXI_inst/sample_inst/afifo_inst/U0/inst_fifo_gen/gconvfifo.rf/grf.rf/gntv_or_sync_fifo.gcx.clkx/wr_pntr_cdc_inst/dest_graysync_ff_reg[0][5]} {main_control_i/ad9226_sample_0/inst/ad9226_sample_v1_0_S00_AXI_inst/sample_inst/afifo_inst/U0/inst_fifo_gen/gconvfifo.rf/grf.rf/gntv_or_sync_fifo.gcx.clkx/wr_pntr_cdc_inst/dest_graysync_ff_reg[0][6]} {main_control_i/ad9226_sample_0/inst/ad9226_sample_v1_0_S00_AXI_inst/sample_inst/afifo_inst/U0/inst_fifo_gen/gconvfifo.rf/grf.rf/gntv_or_sync_fifo.gcx.clkx/wr_pntr_cdc_inst/dest_graysync_ff_reg[0][7]} {main_control_i/ad9226_sample_0/inst/ad9226_sample_v1_0_S00_AXI_inst/sample_inst/afifo_inst/U0/inst_fifo_gen/gconvfifo.rf/grf.rf/gntv_or_sync_fifo.gcx.clkx/wr_pntr_cdc_inst/dest_graysync_ff_reg[0][8]} {main_control_i/ad9226_sample_0/inst/ad9226_sample_v1_0_S00_AXI_inst/sample_inst/afifo_inst/U0/inst_fifo_gen/gconvfifo.rf/grf.rf/gntv_or_sync_fifo.gcx.clkx/wr_pntr_cdc_inst/dest_graysync_ff_reg[0][9]}]]
                                                                              Slow              7.000       1.087      5.913


2. Bus Skew Report Per Constraint
---------------------------------

Id: 1
set_bus_skew -from [get_cells [list {main_control_i/ad9226_sample_0/inst/ad9226_sample_v1_0_S00_AXI_inst/sample_inst/afifo_inst/U0/inst_fifo_gen/gconvfifo.rf/grf.rf/gntv_or_sync_fifo.gcx.clkx/rd_pntr_cdc_inst/src_gray_ff_reg[0]} {main_control_i/ad9226_sample_0/inst/ad9226_sample_v1_0_S00_AXI_inst/sample_inst/afifo_inst/U0/inst_fifo_gen/gconvfifo.rf/grf.rf/gntv_or_sync_fifo.gcx.clkx/rd_pntr_cdc_inst/src_gray_ff_reg[1]} {main_control_i/ad9226_sample_0/inst/ad9226_sample_v1_0_S00_AXI_inst/sample_inst/afifo_inst/U0/inst_fifo_gen/gconvfifo.rf/grf.rf/gntv_or_sync_fifo.gcx.clkx/rd_pntr_cdc_inst/src_gray_ff_reg[2]} {main_control_i/ad9226_sample_0/inst/ad9226_sample_v1_0_S00_AXI_inst/sample_inst/afifo_inst/U0/inst_fifo_gen/gconvfifo.rf/grf.rf/gntv_or_sync_fifo.gcx.clkx/rd_pntr_cdc_inst/src_gray_ff_reg[3]} {main_control_i/ad9226_sample_0/inst/ad9226_sample_v1_0_S00_AXI_inst/sample_inst/afifo_inst/U0/inst_fifo_gen/gconvfifo.rf/grf.rf/gntv_or_sync_fifo.gcx.clkx/rd_pntr_cdc_inst/src_gray_ff_reg[4]} {main_control_i/ad9226_sample_0/inst/ad9226_sample_v1_0_S00_AXI_inst/sample_inst/afifo_inst/U0/inst_fifo_gen/gconvfifo.rf/grf.rf/gntv_or_sync_fifo.gcx.clkx/rd_pntr_cdc_inst/src_gray_ff_reg[5]} {main_control_i/ad9226_sample_0/inst/ad9226_sample_v1_0_S00_AXI_inst/sample_inst/afifo_inst/U0/inst_fifo_gen/gconvfifo.rf/grf.rf/gntv_or_sync_fifo.gcx.clkx/rd_pntr_cdc_inst/src_gray_ff_reg[6]} {main_control_i/ad9226_sample_0/inst/ad9226_sample_v1_0_S00_AXI_inst/sample_inst/afifo_inst/U0/inst_fifo_gen/gconvfifo.rf/grf.rf/gntv_or_sync_fifo.gcx.clkx/rd_pntr_cdc_inst/src_gray_ff_reg[7]} {main_control_i/ad9226_sample_0/inst/ad9226_sample_v1_0_S00_AXI_inst/sample_inst/afifo_inst/U0/inst_fifo_gen/gconvfifo.rf/grf.rf/gntv_or_sync_fifo.gcx.clkx/rd_pntr_cdc_inst/src_gray_ff_reg[8]} {main_control_i/ad9226_sample_0/inst/ad9226_sample_v1_0_S00_AXI_inst/sample_inst/afifo_inst/U0/inst_fifo_gen/gconvfifo.rf/grf.rf/gntv_or_sync_fifo.gcx.clkx/rd_pntr_cdc_inst/src_gray_ff_reg[9]}]] -to [get_cells [list {main_control_i/ad9226_sample_0/inst/ad9226_sample_v1_0_S00_AXI_inst/sample_inst/afifo_inst/U0/inst_fifo_gen/gconvfifo.rf/grf.rf/gntv_or_sync_fifo.gcx.clkx/rd_pntr_cdc_inst/dest_graysync_ff_reg[0][0]} {main_control_i/ad9226_sample_0/inst/ad9226_sample_v1_0_S00_AXI_inst/sample_inst/afifo_inst/U0/inst_fifo_gen/gconvfifo.rf/grf.rf/gntv_or_sync_fifo.gcx.clkx/rd_pntr_cdc_inst/dest_graysync_ff_reg[0][1]} {main_control_i/ad9226_sample_0/inst/ad9226_sample_v1_0_S00_AXI_inst/sample_inst/afifo_inst/U0/inst_fifo_gen/gconvfifo.rf/grf.rf/gntv_or_sync_fifo.gcx.clkx/rd_pntr_cdc_inst/dest_graysync_ff_reg[0][2]} {main_control_i/ad9226_sample_0/inst/ad9226_sample_v1_0_S00_AXI_inst/sample_inst/afifo_inst/U0/inst_fifo_gen/gconvfifo.rf/grf.rf/gntv_or_sync_fifo.gcx.clkx/rd_pntr_cdc_inst/dest_graysync_ff_reg[0][3]} {main_control_i/ad9226_sample_0/inst/ad9226_sample_v1_0_S00_AXI_inst/sample_inst/afifo_inst/U0/inst_fifo_gen/gconvfifo.rf/grf.rf/gntv_or_sync_fifo.gcx.clkx/rd_pntr_cdc_inst/dest_graysync_ff_reg[0][4]} {main_control_i/ad9226_sample_0/inst/ad9226_sample_v1_0_S00_AXI_inst/sample_inst/afifo_inst/U0/inst_fifo_gen/gconvfifo.rf/grf.rf/gntv_or_sync_fifo.gcx.clkx/rd_pntr_cdc_inst/dest_graysync_ff_reg[0][5]} {main_control_i/ad9226_sample_0/inst/ad9226_sample_v1_0_S00_AXI_inst/sample_inst/afifo_inst/U0/inst_fifo_gen/gconvfifo.rf/grf.rf/gntv_or_sync_fifo.gcx.clkx/rd_pntr_cdc_inst/dest_graysync_ff_reg[0][6]} {main_control_i/ad9226_sample_0/inst/ad9226_sample_v1_0_S00_AXI_inst/sample_inst/afifo_inst/U0/inst_fifo_gen/gconvfifo.rf/grf.rf/gntv_or_sync_fifo.gcx.clkx/rd_pntr_cdc_inst/dest_graysync_ff_reg[0][7]} {main_control_i/ad9226_sample_0/inst/ad9226_sample_v1_0_S00_AXI_inst/sample_inst/afifo_inst/U0/inst_fifo_gen/gconvfifo.rf/grf.rf/gntv_or_sync_fifo.gcx.clkx/rd_pntr_cdc_inst/dest_graysync_ff_reg[0][8]} {main_control_i/ad9226_sample_0/inst/ad9226_sample_v1_0_S00_AXI_inst/sample_inst/afifo_inst/U0/inst_fifo_gen/gconvfifo.rf/grf.rf/gntv_or_sync_fifo.gcx.clkx/rd_pntr_cdc_inst/dest_graysync_ff_reg[0][9]}]] 7.000
Requirement: 7.000ns
Endpoints: 10

From Clock            To Clock              Endpoint Pin                    Reference Pin                   Corner  Actual(ns)  Slack(ns)
--------------------  --------------------  ------------------------------  ------------------------------  ------  ----------  ---------
clk_fpga_1            clk_fpga_2            main_control_i/ad9226_sample_0/inst/ad9226_sample_v1_0_S00_AXI_inst/sample_inst/afifo_inst/U0/inst_fifo_gen/gconvfifo.rf/grf.rf/gntv_or_sync_fifo.gcx.clkx/rd_pntr_cdc_inst/dest_graysync_ff_reg[0][1]/D
                                                                            main_control_i/ad9226_sample_0/inst/ad9226_sample_v1_0_S00_AXI_inst/sample_inst/afifo_inst/U0/inst_fifo_gen/gconvfifo.rf/grf.rf/gntv_or_sync_fifo.gcx.clkx/rd_pntr_cdc_inst/dest_graysync_ff_reg[0][8]/D
                                                                                                            Slow         1.166      5.834


Slack (MET) :             5.834ns  (requirement - actual skew)
  Endpoint Source:        main_control_i/ad9226_sample_0/inst/ad9226_sample_v1_0_S00_AXI_inst/sample_inst/afifo_inst/U0/inst_fifo_gen/gconvfifo.rf/grf.rf/gntv_or_sync_fifo.gcx.clkx/rd_pntr_cdc_inst/src_gray_ff_reg[1]/C
                            (rising edge-triggered cell FDRE clocked by clk_fpga_1)
  Endpoint Destination:   main_control_i/ad9226_sample_0/inst/ad9226_sample_v1_0_S00_AXI_inst/sample_inst/afifo_inst/U0/inst_fifo_gen/gconvfifo.rf/grf.rf/gntv_or_sync_fifo.gcx.clkx/rd_pntr_cdc_inst/dest_graysync_ff_reg[0][1]/D
                            (rising edge-triggered cell FDRE clocked by clk_fpga_2)
  Reference Source:       main_control_i/ad9226_sample_0/inst/ad9226_sample_v1_0_S00_AXI_inst/sample_inst/afifo_inst/U0/inst_fifo_gen/gconvfifo.rf/grf.rf/gntv_or_sync_fifo.gcx.clkx/rd_pntr_cdc_inst/src_gray_ff_reg[8]/C
                            (rising edge-triggered cell FDRE clocked by clk_fpga_1)
  Reference Destination:  main_control_i/ad9226_sample_0/inst/ad9226_sample_v1_0_S00_AXI_inst/sample_inst/afifo_inst/U0/inst_fifo_gen/gconvfifo.rf/grf.rf/gntv_or_sync_fifo.gcx.clkx/rd_pntr_cdc_inst/dest_graysync_ff_reg[0][8]/D
                            (rising edge-triggered cell FDRE clocked by clk_fpga_2)
  Path Type:              Bus Skew (Max at Slow Process Corner)
  Requirement:            7.000ns
  Endpoint Relative Delay:    1.323ns
  Reference Relative Delay:   0.162ns
  Relative CRPR:              0.385ns
  Uncertainty:                0.391ns
  Actual Bus Skew:            1.166ns  (Endpoint Relative Delay - Reference Relative Delay - Relative CRPR + Uncertainty)

Endpoint path:
    Location             Delay type                Incr(ns)  Path(ns)    Netlist Resource(s)
  -------------------------------------------------------------------    -------------------
                         (clock clk_fpga_1 rise edge)
                                                      0.000     0.000 r  
    PS7_X0Y0             PS7                          0.000     0.000 r  main_control_i/processing_system7_0/inst/PS7_i/FCLKCLK[1]
                         net (fo=1, routed)           0.994     0.994    main_control_i/processing_system7_0/inst/FCLK_CLK_unbuffered[1]
    BUFGCTRL_X0Y16       BUFG (Prop_bufg_I_O)         0.085     1.079 r  main_control_i/processing_system7_0/inst/buffer_fclk_clk_1.FCLK_CLK_1_BUFG/O
                         net (fo=3998, routed)        1.390     2.469    main_control_i/ad9226_sample_0/inst/ad9226_sample_v1_0_S00_AXI_inst/sample_inst/afifo_inst/U0/inst_fifo_gen/gconvfifo.rf/grf.rf/gntv_or_sync_fifo.gcx.clkx/rd_pntr_cdc_inst/src_clk
    SLICE_X39Y25         FDRE                                         r  main_control_i/ad9226_sample_0/inst/ad9226_sample_v1_0_S00_AXI_inst/sample_inst/afifo_inst/U0/inst_fifo_gen/gconvfifo.rf/grf.rf/gntv_or_sync_fifo.gcx.clkx/rd_pntr_cdc_inst/src_gray_ff_reg[1]/C
  -------------------------------------------------------------------    -------------------
    SLICE_X39Y25         FDRE (Prop_fdre_C_Q)         0.348     2.817 r  main_control_i/ad9226_sample_0/inst/ad9226_sample_v1_0_S00_AXI_inst/sample_inst/afifo_inst/U0/inst_fifo_gen/gconvfifo.rf/grf.rf/gntv_or_sync_fifo.gcx.clkx/rd_pntr_cdc_inst/src_gray_ff_reg[1]/Q
                         net (fo=1, routed)           0.513     3.330    main_control_i/ad9226_sample_0/inst/ad9226_sample_v1_0_S00_AXI_inst/sample_inst/afifo_inst/U0/inst_fifo_gen/gconvfifo.rf/grf.rf/gntv_or_sync_fifo.gcx.clkx/rd_pntr_cdc_inst/async_path[1]
    SLICE_X44Y25         FDRE                                         r  main_control_i/ad9226_sample_0/inst/ad9226_sample_v1_0_S00_AXI_inst/sample_inst/afifo_inst/U0/inst_fifo_gen/gconvfifo.rf/grf.rf/gntv_or_sync_fifo.gcx.clkx/rd_pntr_cdc_inst/dest_graysync_ff_reg[0][1]/D
  -------------------------------------------------------------------    -------------------

                         (clock clk_fpga_2 rise edge)
                                                      0.000     0.000 r  
    PS7_X0Y0             PS7                          0.000     0.000 r  main_control_i/processing_system7_0/inst/PS7_i/FCLKCLK[2]
                         net (fo=1, routed)           0.905     0.905    main_control_i/processing_system7_0/inst/FCLK_CLK_unbuffered[2]
    BUFGCTRL_X0Y18       BUFG (Prop_bufg_I_O)         0.077     0.982 r  main_control_i/processing_system7_0/inst/buffer_fclk_clk_2.FCLK_CLK_2_BUFG/O
                         net (fo=302, routed)         1.237     2.219    main_control_i/ad9226_sample_0/inst/ad9226_sample_v1_0_S00_AXI_inst/sample_inst/afifo_inst/U0/inst_fifo_gen/gconvfifo.rf/grf.rf/gntv_or_sync_fifo.gcx.clkx/rd_pntr_cdc_inst/dest_clk
    SLICE_X44Y25         FDRE                                         r  main_control_i/ad9226_sample_0/inst/ad9226_sample_v1_0_S00_AXI_inst/sample_inst/afifo_inst/U0/inst_fifo_gen/gconvfifo.rf/grf.rf/gntv_or_sync_fifo.gcx.clkx/rd_pntr_cdc_inst/dest_graysync_ff_reg[0][1]/C
                         clock pessimism              0.000     2.219    
    SLICE_X44Y25         FDRE (Setup_fdre_C_D)       -0.212     2.007    main_control_i/ad9226_sample_0/inst/ad9226_sample_v1_0_S00_AXI_inst/sample_inst/afifo_inst/U0/inst_fifo_gen/gconvfifo.rf/grf.rf/gntv_or_sync_fifo.gcx.clkx/rd_pntr_cdc_inst/dest_graysync_ff_reg[0][1]
  -------------------------------------------------------------------
                         data arrival                           3.330    
                         clock arrival                          2.007    
  -------------------------------------------------------------------
                         relative delay                         1.323    

Reference path:
    Location             Delay type                Incr(ns)  Path(ns)    Netlist Resource(s)
  -------------------------------------------------------------------    -------------------
                         (clock clk_fpga_1 rise edge)
                                                      0.000     0.000 r  
    PS7_X0Y0             PS7                          0.000     0.000 r  main_control_i/processing_system7_0/inst/PS7_i/FCLKCLK[1]
                         net (fo=1, routed)           0.905     0.905    main_control_i/processing_system7_0/inst/FCLK_CLK_unbuffered[1]
    BUFGCTRL_X0Y16       BUFG (Prop_bufg_I_O)         0.077     0.982 r  main_control_i/processing_system7_0/inst/buffer_fclk_clk_1.FCLK_CLK_1_BUFG/O
                         net (fo=3998, routed)        1.243     2.225    main_control_i/ad9226_sample_0/inst/ad9226_sample_v1_0_S00_AXI_inst/sample_inst/afifo_inst/U0/inst_fifo_gen/gconvfifo.rf/grf.rf/gntv_or_sync_fifo.gcx.clkx/rd_pntr_cdc_inst/src_clk
    SLICE_X40Y29         FDRE                                         r  main_control_i/ad9226_sample_0/inst/ad9226_sample_v1_0_S00_AXI_inst/sample_inst/afifo_inst/U0/inst_fifo_gen/gconvfifo.rf/grf.rf/gntv_or_sync_fifo.gcx.clkx/rd_pntr_cdc_inst/src_gray_ff_reg[8]/C
  -------------------------------------------------------------------    -------------------
    SLICE_X40Y29         FDRE (Prop_fdre_C_Q)         0.304     2.529 r  main_control_i/ad9226_sample_0/inst/ad9226_sample_v1_0_S00_AXI_inst/sample_inst/afifo_inst/U0/inst_fifo_gen/gconvfifo.rf/grf.rf/gntv_or_sync_fifo.gcx.clkx/rd_pntr_cdc_inst/src_gray_ff_reg[8]/Q
                         net (fo=1, routed)           0.294     2.823    main_control_i/ad9226_sample_0/inst/ad9226_sample_v1_0_S00_AXI_inst/sample_inst/afifo_inst/U0/inst_fifo_gen/gconvfifo.rf/grf.rf/gntv_or_sync_fifo.gcx.clkx/rd_pntr_cdc_inst/async_path[8]
    SLICE_X42Y29         FDRE                                         r  main_control_i/ad9226_sample_0/inst/ad9226_sample_v1_0_S00_AXI_inst/sample_inst/afifo_inst/U0/inst_fifo_gen/gconvfifo.rf/grf.rf/gntv_or_sync_fifo.gcx.clkx/rd_pntr_cdc_inst/dest_graysync_ff_reg[0][8]/D
  -------------------------------------------------------------------    -------------------

                         (clock clk_fpga_2 rise edge)
                                                      0.000     0.000 r  
    PS7_X0Y0             PS7                          0.000     0.000 r  main_control_i/processing_system7_0/inst/PS7_i/FCLKCLK[2]
                         net (fo=1, routed)           0.994     0.994    main_control_i/processing_system7_0/inst/FCLK_CLK_unbuffered[2]
    BUFGCTRL_X0Y18       BUFG (Prop_bufg_I_O)         0.085     1.079 r  main_control_i/processing_system7_0/inst/buffer_fclk_clk_2.FCLK_CLK_2_BUFG/O
                         net (fo=302, routed)         1.395     2.474    main_control_i/ad9226_sample_0/inst/ad9226_sample_v1_0_S00_AXI_inst/sample_inst/afifo_inst/U0/inst_fifo_gen/gconvfifo.rf/grf.rf/gntv_or_sync_fifo.gcx.clkx/rd_pntr_cdc_inst/dest_clk
    SLICE_X42Y29         FDRE                                         r  main_control_i/ad9226_sample_0/inst/ad9226_sample_v1_0_S00_AXI_inst/sample_inst/afifo_inst/U0/inst_fifo_gen/gconvfifo.rf/grf.rf/gntv_or_sync_fifo.gcx.clkx/rd_pntr_cdc_inst/dest_graysync_ff_reg[0][8]/C
                         clock pessimism              0.000     2.474    
    SLICE_X42Y29         FDRE (Hold_fdre_C_D)         0.187     2.661    main_control_i/ad9226_sample_0/inst/ad9226_sample_v1_0_S00_AXI_inst/sample_inst/afifo_inst/U0/inst_fifo_gen/gconvfifo.rf/grf.rf/gntv_or_sync_fifo.gcx.clkx/rd_pntr_cdc_inst/dest_graysync_ff_reg[0][8]
  -------------------------------------------------------------------
                         data arrival                           2.823    
                         clock arrival                          2.661    
  -------------------------------------------------------------------
                         relative delay                         0.162    



Id: 2
set_bus_skew -from [get_cells [list {main_control_i/ad9226_sample_0/inst/ad9226_sample_v1_0_S00_AXI_inst/sample_inst/afifo_inst/U0/inst_fifo_gen/gconvfifo.rf/grf.rf/gntv_or_sync_fifo.gcx.clkx/wr_pntr_cdc_inst/src_gray_ff_reg[0]} {main_control_i/ad9226_sample_0/inst/ad9226_sample_v1_0_S00_AXI_inst/sample_inst/afifo_inst/U0/inst_fifo_gen/gconvfifo.rf/grf.rf/gntv_or_sync_fifo.gcx.clkx/wr_pntr_cdc_inst/src_gray_ff_reg[1]} {main_control_i/ad9226_sample_0/inst/ad9226_sample_v1_0_S00_AXI_inst/sample_inst/afifo_inst/U0/inst_fifo_gen/gconvfifo.rf/grf.rf/gntv_or_sync_fifo.gcx.clkx/wr_pntr_cdc_inst/src_gray_ff_reg[2]} {main_control_i/ad9226_sample_0/inst/ad9226_sample_v1_0_S00_AXI_inst/sample_inst/afifo_inst/U0/inst_fifo_gen/gconvfifo.rf/grf.rf/gntv_or_sync_fifo.gcx.clkx/wr_pntr_cdc_inst/src_gray_ff_reg[3]} {main_control_i/ad9226_sample_0/inst/ad9226_sample_v1_0_S00_AXI_inst/sample_inst/afifo_inst/U0/inst_fifo_gen/gconvfifo.rf/grf.rf/gntv_or_sync_fifo.gcx.clkx/wr_pntr_cdc_inst/src_gray_ff_reg[4]} {main_control_i/ad9226_sample_0/inst/ad9226_sample_v1_0_S00_AXI_inst/sample_inst/afifo_inst/U0/inst_fifo_gen/gconvfifo.rf/grf.rf/gntv_or_sync_fifo.gcx.clkx/wr_pntr_cdc_inst/src_gray_ff_reg[5]} {main_control_i/ad9226_sample_0/inst/ad9226_sample_v1_0_S00_AXI_inst/sample_inst/afifo_inst/U0/inst_fifo_gen/gconvfifo.rf/grf.rf/gntv_or_sync_fifo.gcx.clkx/wr_pntr_cdc_inst/src_gray_ff_reg[6]} {main_control_i/ad9226_sample_0/inst/ad9226_sample_v1_0_S00_AXI_inst/sample_inst/afifo_inst/U0/inst_fifo_gen/gconvfifo.rf/grf.rf/gntv_or_sync_fifo.gcx.clkx/wr_pntr_cdc_inst/src_gray_ff_reg[7]} {main_control_i/ad9226_sample_0/inst/ad9226_sample_v1_0_S00_AXI_inst/sample_inst/afifo_inst/U0/inst_fifo_gen/gconvfifo.rf/grf.rf/gntv_or_sync_fifo.gcx.clkx/wr_pntr_cdc_inst/src_gray_ff_reg[8]} {main_control_i/ad9226_sample_0/inst/ad9226_sample_v1_0_S00_AXI_inst/sample_inst/afifo_inst/U0/inst_fifo_gen/gconvfifo.rf/grf.rf/gntv_or_sync_fifo.gcx.clkx/wr_pntr_cdc_inst/src_gray_ff_reg[9]}]] -to [get_cells [list {main_control_i/ad9226_sample_0/inst/ad9226_sample_v1_0_S00_AXI_inst/sample_inst/afifo_inst/U0/inst_fifo_gen/gconvfifo.rf/grf.rf/gntv_or_sync_fifo.gcx.clkx/wr_pntr_cdc_inst/dest_graysync_ff_reg[0][0]} {main_control_i/ad9226_sample_0/inst/ad9226_sample_v1_0_S00_AXI_inst/sample_inst/afifo_inst/U0/inst_fifo_gen/gconvfifo.rf/grf.rf/gntv_or_sync_fifo.gcx.clkx/wr_pntr_cdc_inst/dest_graysync_ff_reg[0][1]} {main_control_i/ad9226_sample_0/inst/ad9226_sample_v1_0_S00_AXI_inst/sample_inst/afifo_inst/U0/inst_fifo_gen/gconvfifo.rf/grf.rf/gntv_or_sync_fifo.gcx.clkx/wr_pntr_cdc_inst/dest_graysync_ff_reg[0][2]} {main_control_i/ad9226_sample_0/inst/ad9226_sample_v1_0_S00_AXI_inst/sample_inst/afifo_inst/U0/inst_fifo_gen/gconvfifo.rf/grf.rf/gntv_or_sync_fifo.gcx.clkx/wr_pntr_cdc_inst/dest_graysync_ff_reg[0][3]} {main_control_i/ad9226_sample_0/inst/ad9226_sample_v1_0_S00_AXI_inst/sample_inst/afifo_inst/U0/inst_fifo_gen/gconvfifo.rf/grf.rf/gntv_or_sync_fifo.gcx.clkx/wr_pntr_cdc_inst/dest_graysync_ff_reg[0][4]} {main_control_i/ad9226_sample_0/inst/ad9226_sample_v1_0_S00_AXI_inst/sample_inst/afifo_inst/U0/inst_fifo_gen/gconvfifo.rf/grf.rf/gntv_or_sync_fifo.gcx.clkx/wr_pntr_cdc_inst/dest_graysync_ff_reg[0][5]} {main_control_i/ad9226_sample_0/inst/ad9226_sample_v1_0_S00_AXI_inst/sample_inst/afifo_inst/U0/inst_fifo_gen/gconvfifo.rf/grf.rf/gntv_or_sync_fifo.gcx.clkx/wr_pntr_cdc_inst/dest_graysync_ff_reg[0][6]} {main_control_i/ad9226_sample_0/inst/ad9226_sample_v1_0_S00_AXI_inst/sample_inst/afifo_inst/U0/inst_fifo_gen/gconvfifo.rf/grf.rf/gntv_or_sync_fifo.gcx.clkx/wr_pntr_cdc_inst/dest_graysync_ff_reg[0][7]} {main_control_i/ad9226_sample_0/inst/ad9226_sample_v1_0_S00_AXI_inst/sample_inst/afifo_inst/U0/inst_fifo_gen/gconvfifo.rf/grf.rf/gntv_or_sync_fifo.gcx.clkx/wr_pntr_cdc_inst/dest_graysync_ff_reg[0][8]} {main_control_i/ad9226_sample_0/inst/ad9226_sample_v1_0_S00_AXI_inst/sample_inst/afifo_inst/U0/inst_fifo_gen/gconvfifo.rf/grf.rf/gntv_or_sync_fifo.gcx.clkx/wr_pntr_cdc_inst/dest_graysync_ff_reg[0][9]}]] 7.000
Requirement: 7.000ns
Endpoints: 10

From Clock            To Clock              Endpoint Pin                    Reference Pin                   Corner  Actual(ns)  Slack(ns)
--------------------  --------------------  ------------------------------  ------------------------------  ------  ----------  ---------
clk_fpga_2            clk_fpga_1            main_control_i/ad9226_sample_0/inst/ad9226_sample_v1_0_S00_AXI_inst/sample_inst/afifo_inst/U0/inst_fifo_gen/gconvfifo.rf/grf.rf/gntv_or_sync_fifo.gcx.clkx/wr_pntr_cdc_inst/dest_graysync_ff_reg[0][1]/D
                                                                            main_control_i/ad9226_sample_0/inst/ad9226_sample_v1_0_S00_AXI_inst/sample_inst/afifo_inst/U0/inst_fifo_gen/gconvfifo.rf/grf.rf/gntv_or_sync_fifo.gcx.clkx/wr_pntr_cdc_inst/dest_graysync_ff_reg[0][9]/D
                                                                                                            Slow         1.087      5.913


Slack (MET) :             5.913ns  (requirement - actual skew)
  Endpoint Source:        main_control_i/ad9226_sample_0/inst/ad9226_sample_v1_0_S00_AXI_inst/sample_inst/afifo_inst/U0/inst_fifo_gen/gconvfifo.rf/grf.rf/gntv_or_sync_fifo.gcx.clkx/wr_pntr_cdc_inst/src_gray_ff_reg[1]/C
                            (rising edge-triggered cell FDRE clocked by clk_fpga_2)
  Endpoint Destination:   main_control_i/ad9226_sample_0/inst/ad9226_sample_v1_0_S00_AXI_inst/sample_inst/afifo_inst/U0/inst_fifo_gen/gconvfifo.rf/grf.rf/gntv_or_sync_fifo.gcx.clkx/wr_pntr_cdc_inst/dest_graysync_ff_reg[0][1]/D
                            (rising edge-triggered cell FDRE clocked by clk_fpga_1)
  Reference Source:       main_control_i/ad9226_sample_0/inst/ad9226_sample_v1_0_S00_AXI_inst/sample_inst/afifo_inst/U0/inst_fifo_gen/gconvfifo.rf/grf.rf/gntv_or_sync_fifo.gcx.clkx/wr_pntr_cdc_inst/src_gray_ff_reg[9]/C
                            (rising edge-triggered cell FDRE clocked by clk_fpga_2)
  Reference Destination:  main_control_i/ad9226_sample_0/inst/ad9226_sample_v1_0_S00_AXI_inst/sample_inst/afifo_inst/U0/inst_fifo_gen/gconvfifo.rf/grf.rf/gntv_or_sync_fifo.gcx.clkx/wr_pntr_cdc_inst/dest_graysync_ff_reg[0][9]/D
                            (rising edge-triggered cell FDRE clocked by clk_fpga_1)
  Path Type:              Bus Skew (Max at Slow Process Corner)
  Requirement:            7.000ns
  Endpoint Relative Delay:    1.271ns
  Reference Relative Delay:   0.159ns
  Relative CRPR:              0.416ns
  Uncertainty:                0.391ns
  Actual Bus Skew:            1.087ns  (Endpoint Relative Delay - Reference Relative Delay - Relative CRPR + Uncertainty)

Endpoint path:
    Location             Delay type                Incr(ns)  Path(ns)    Netlist Resource(s)
  -------------------------------------------------------------------    -------------------
                         (clock clk_fpga_2 rise edge)
                                                      0.000     0.000 r  
    PS7_X0Y0             PS7                          0.000     0.000 r  main_control_i/processing_system7_0/inst/PS7_i/FCLKCLK[2]
                         net (fo=1, routed)           0.994     0.994    main_control_i/processing_system7_0/inst/FCLK_CLK_unbuffered[2]
    BUFGCTRL_X0Y18       BUFG (Prop_bufg_I_O)         0.085     1.079 r  main_control_i/processing_system7_0/inst/buffer_fclk_clk_2.FCLK_CLK_2_BUFG/O
                         net (fo=302, routed)         1.392     2.471    main_control_i/ad9226_sample_0/inst/ad9226_sample_v1_0_S00_AXI_inst/sample_inst/afifo_inst/U0/inst_fifo_gen/gconvfifo.rf/grf.rf/gntv_or_sync_fifo.gcx.clkx/wr_pntr_cdc_inst/src_clk
    SLICE_X40Y27         FDRE                                         r  main_control_i/ad9226_sample_0/inst/ad9226_sample_v1_0_S00_AXI_inst/sample_inst/afifo_inst/U0/inst_fifo_gen/gconvfifo.rf/grf.rf/gntv_or_sync_fifo.gcx.clkx/wr_pntr_cdc_inst/src_gray_ff_reg[1]/C
  -------------------------------------------------------------------    -------------------
    SLICE_X40Y27         FDRE (Prop_fdre_C_Q)         0.348     2.819 r  main_control_i/ad9226_sample_0/inst/ad9226_sample_v1_0_S00_AXI_inst/sample_inst/afifo_inst/U0/inst_fifo_gen/gconvfifo.rf/grf.rf/gntv_or_sync_fifo.gcx.clkx/wr_pntr_cdc_inst/src_gray_ff_reg[1]/Q
                         net (fo=1, routed)           0.465     3.284    main_control_i/ad9226_sample_0/inst/ad9226_sample_v1_0_S00_AXI_inst/sample_inst/afifo_inst/U0/inst_fifo_gen/gconvfifo.rf/grf.rf/gntv_or_sync_fifo.gcx.clkx/wr_pntr_cdc_inst/async_path[1]
    SLICE_X39Y26         FDRE                                         r  main_control_i/ad9226_sample_0/inst/ad9226_sample_v1_0_S00_AXI_inst/sample_inst/afifo_inst/U0/inst_fifo_gen/gconvfifo.rf/grf.rf/gntv_or_sync_fifo.gcx.clkx/wr_pntr_cdc_inst/dest_graysync_ff_reg[0][1]/D
  -------------------------------------------------------------------    -------------------

                         (clock clk_fpga_1 rise edge)
                                                      0.000     0.000 r  
    PS7_X0Y0             PS7                          0.000     0.000 r  main_control_i/processing_system7_0/inst/PS7_i/FCLKCLK[1]
                         net (fo=1, routed)           0.905     0.905    main_control_i/processing_system7_0/inst/FCLK_CLK_unbuffered[1]
    BUFGCTRL_X0Y16       BUFG (Prop_bufg_I_O)         0.077     0.982 r  main_control_i/processing_system7_0/inst/buffer_fclk_clk_1.FCLK_CLK_1_BUFG/O
                         net (fo=3998, routed)        1.240     2.222    main_control_i/ad9226_sample_0/inst/ad9226_sample_v1_0_S00_AXI_inst/sample_inst/afifo_inst/U0/inst_fifo_gen/gconvfifo.rf/grf.rf/gntv_or_sync_fifo.gcx.clkx/wr_pntr_cdc_inst/dest_clk
    SLICE_X39Y26         FDRE                                         r  main_control_i/ad9226_sample_0/inst/ad9226_sample_v1_0_S00_AXI_inst/sample_inst/afifo_inst/U0/inst_fifo_gen/gconvfifo.rf/grf.rf/gntv_or_sync_fifo.gcx.clkx/wr_pntr_cdc_inst/dest_graysync_ff_reg[0][1]/C
                         clock pessimism              0.000     2.222    
    SLICE_X39Y26         FDRE (Setup_fdre_C_D)       -0.210     2.012    main_control_i/ad9226_sample_0/inst/ad9226_sample_v1_0_S00_AXI_inst/sample_inst/afifo_inst/U0/inst_fifo_gen/gconvfifo.rf/grf.rf/gntv_or_sync_fifo.gcx.clkx/wr_pntr_cdc_inst/dest_graysync_ff_reg[0][1]
  -------------------------------------------------------------------
                         data arrival                           3.284    
                         clock arrival                          2.012    
  -------------------------------------------------------------------
                         relative delay                         1.271    

Reference path:
    Location             Delay type                Incr(ns)  Path(ns)    Netlist Resource(s)
  -------------------------------------------------------------------    -------------------
                         (clock clk_fpga_2 rise edge)
                                                      0.000     0.000 r  
    PS7_X0Y0             PS7                          0.000     0.000 r  main_control_i/processing_system7_0/inst/PS7_i/FCLKCLK[2]
                         net (fo=1, routed)           0.905     0.905    main_control_i/processing_system7_0/inst/FCLK_CLK_unbuffered[2]
    BUFGCTRL_X0Y18       BUFG (Prop_bufg_I_O)         0.077     0.982 r  main_control_i/processing_system7_0/inst/buffer_fclk_clk_2.FCLK_CLK_2_BUFG/O
                         net (fo=302, routed)         1.244     2.226    main_control_i/ad9226_sample_0/inst/ad9226_sample_v1_0_S00_AXI_inst/sample_inst/afifo_inst/U0/inst_fifo_gen/gconvfifo.rf/grf.rf/gntv_or_sync_fifo.gcx.clkx/wr_pntr_cdc_inst/src_clk
    SLICE_X37Y29         FDRE                                         r  main_control_i/ad9226_sample_0/inst/ad9226_sample_v1_0_S00_AXI_inst/sample_inst/afifo_inst/U0/inst_fifo_gen/gconvfifo.rf/grf.rf/gntv_or_sync_fifo.gcx.clkx/wr_pntr_cdc_inst/src_gray_ff_reg[9]/C
  -------------------------------------------------------------------    -------------------
    SLICE_X37Y29         FDRE (Prop_fdre_C_Q)         0.304     2.530 r  main_control_i/ad9226_sample_0/inst/ad9226_sample_v1_0_S00_AXI_inst/sample_inst/afifo_inst/U0/inst_fifo_gen/gconvfifo.rf/grf.rf/gntv_or_sync_fifo.gcx.clkx/wr_pntr_cdc_inst/src_gray_ff_reg[9]/Q
                         net (fo=1, routed)           0.290     2.821    main_control_i/ad9226_sample_0/inst/ad9226_sample_v1_0_S00_AXI_inst/sample_inst/afifo_inst/U0/inst_fifo_gen/gconvfifo.rf/grf.rf/gntv_or_sync_fifo.gcx.clkx/wr_pntr_cdc_inst/async_path[9]
    SLICE_X38Y29         FDRE                                         r  main_control_i/ad9226_sample_0/inst/ad9226_sample_v1_0_S00_AXI_inst/sample_inst/afifo_inst/U0/inst_fifo_gen/gconvfifo.rf/grf.rf/gntv_or_sync_fifo.gcx.clkx/wr_pntr_cdc_inst/dest_graysync_ff_reg[0][9]/D
  -------------------------------------------------------------------    -------------------

                         (clock clk_fpga_1 rise edge)
                                                      0.000     0.000 r  
    PS7_X0Y0             PS7                          0.000     0.000 r  main_control_i/processing_system7_0/inst/PS7_i/FCLKCLK[1]
                         net (fo=1, routed)           0.994     0.994    main_control_i/processing_system7_0/inst/FCLK_CLK_unbuffered[1]
    BUFGCTRL_X0Y16       BUFG (Prop_bufg_I_O)         0.085     1.079 r  main_control_i/processing_system7_0/inst/buffer_fclk_clk_1.FCLK_CLK_1_BUFG/O
                         net (fo=3998, routed)        1.396     2.475    main_control_i/ad9226_sample_0/inst/ad9226_sample_v1_0_S00_AXI_inst/sample_inst/afifo_inst/U0/inst_fifo_gen/gconvfifo.rf/grf.rf/gntv_or_sync_fifo.gcx.clkx/wr_pntr_cdc_inst/dest_clk
    SLICE_X38Y29         FDRE                                         r  main_control_i/ad9226_sample_0/inst/ad9226_sample_v1_0_S00_AXI_inst/sample_inst/afifo_inst/U0/inst_fifo_gen/gconvfifo.rf/grf.rf/gntv_or_sync_fifo.gcx.clkx/wr_pntr_cdc_inst/dest_graysync_ff_reg[0][9]/C
                         clock pessimism              0.000     2.475    
    SLICE_X38Y29         FDRE (Hold_fdre_C_D)         0.187     2.662    main_control_i/ad9226_sample_0/inst/ad9226_sample_v1_0_S00_AXI_inst/sample_inst/afifo_inst/U0/inst_fifo_gen/gconvfifo.rf/grf.rf/gntv_or_sync_fifo.gcx.clkx/wr_pntr_cdc_inst/dest_graysync_ff_reg[0][9]
  -------------------------------------------------------------------
                         data arrival                           2.821    
                         clock arrival                          2.662    
  -------------------------------------------------------------------
                         relative delay                         0.159    



